app/build/intermediates/manifest_merge_blame_file/debug/processDebugMainManifest/manifest-merger-blame-debug-report.txt
1<?xml version="1.0" encoding="utf-8"?>
2<manifest xmlns:android="http://schemas.android.com/apk/res/android"
3    package="com.memori.app"
4    android:versionCode="1"
5    android:versionName="1.0" >
6
7    <uses-sdk
8        android:minSdkVersion="24"
9        android:targetSdkVersion="34" />
10
11    <uses-permission android:name="android.permission.INTERNET" />
11-->src\main\AndroidManifest.xml:5:5-67
11-->src\main\AndroidManifest.xml:5:22-64
12    <uses-permission android:name="android.permission.CAMERA" />
12-->src\main\AndroidManifest.xml:6:5-65
12-->src\main\AndroidManifest.xml:6:22-62
13    <uses-permission android:name="android.permission.ACCESS_FINE_LOCATION" />
13-->src\main\AndroidManifest.xml:7:5-79
13-->src\main\AndroidManifest.xml:7:22-76
14    <uses-permission android:name="android.permission.ACCESS_COARSE_LOCATION" />
14-->src\main\AndroidManifest.xml:8:5-81
14-->src\main\AndroidManifest.xml:8:22-78
15    <uses-permission android:name="android.permission.HIGH_SAMPLING_RATE_SENSORS" />
15-->src\main\AndroidManifest.xml:9:5-85
15-->src\main\AndroidManifest.xml:9:22-82
16
17    <uses-feature
17-->src\main\AndroidManifest.xml:11:5-85
18        android:name="android.hardware.camera"
18-->src\main\AndroidManifest.xml:11:19-57
19        android:required="false" />
19-->src\main\AndroidManifest.xml:11:58-82
20    <uses-feature
20-->src\main\AndroidManifest.xml:12:5-86
21        android:name="android.hardware.camera.ar"
21-->src\main\AndroidManifest.xml:12:19-60
22        android:required="true" />
22-->src\main\AndroidManifest.xml:12:61-84
23    <uses-feature
23-->src\main\AndroidManifest.xml:13:5-78
24        android:glEsVersion="0x00030000"
24-->src\main\AndroidManifest.xml:13:19-51
25        android:required="true" />
25-->src\main\AndroidManifest.xml:13:52-75
26
27    <uses-permission android:name="android.permission.RECORD_AUDIO" />
27-->[io.github.sceneview:arsceneview:2.0.3] AndroidManifest.xml:9:5-71
27-->[io.github.sceneview:arsceneview:2.0.3] AndroidManifest.xml:9:22-68
28
29    <permission
29-->[androidx.core:core:1.13.1] AndroidManifest.xml:22:5-24:47
30        android:name="com.memori.app.DYNAMIC_RECEIVER_NOT_EXPORTED_PERMISSION"
30-->[androidx.core:core:1.13.1] AndroidManifest.xml:23:9-81
31        android:protectionLevel="signature" />
31-->[androidx.core:core:1.13.1] AndroidManifest.xml:24:9-44
32
33    <uses-permission android:name="com.memori.app.DYNAMIC_RECEIVER_NOT_EXPORTED_PERMISSION" />
33-->[androidx.core:core:1.13.1] AndroidManifest.xml:26:5-97
33-->[androidx.core:core:1.13.1] AndroidManifest.xml:26:22-94
34
35    <queries>
35-->[com.google.ar:core:1.42.0] AndroidManifest.xml:20:5-27:15
36        <package android:name="com.google.ar.core" />
36-->[com.google.ar:core:1.42.0] AndroidManifest.xml:21:9-54
36-->[com.google.ar:core:1.42.0] AndroidManifest.xml:21:18-51
37        <package android:name="com.android.vending" />
37-->[com.google.ar:core:1.42.0] AndroidManifest.xml:22:9-55
37-->[com.google.ar:core:1.42.0] AndroidManifest.xml:22:18-52
38
39        <intent>
39-->[com.google.ar:core:1.42.0] AndroidManifest.xml:24:9-26:18
40            <action android:name="com.google.android.play.core.install.BIND_INSTALL_SERVICE" />
40-->[com.google.ar:core:1.42.0] AndroidManifest.xml:25:13-96
40-->[com.google.ar:core:1.42.0] AndroidManifest.xml:25:21-93
41        </intent>
42    </queries> <!-- Although the *SdkVersion is captured in gradle build files, this is required for non gradle builds -->
43    <!-- <uses-sdk android:minSdkVersion="14"/> -->
44    <uses-permission android:name="android.permission.ACCESS_NETWORK_STATE" />
44-->[com.google.android.datatransport:transport-backend-cct:2.3.3] AndroidManifest.xml:25:5-79
44-->[com.google.android.datatransport:transport-backend-cct:2.3.3] AndroidManifest.xml:25:22-76
45
46    <supports-screens
46-->[org.osmdroid:osmdroid-android:6.1.18] AndroidManifest.xml:9:5-12:40
47        android:anyDensity="true"
47-->[org.osmdroid:osmdroid-android:6.1.18] AndroidManifest.xml:10:9-34
48        android:largeScreens="true"
48-->[org.osmdroid:osmdroid-android:6.1.18] AndroidManifest.xml:11:9-36
49        android:normalScreens="true" />
49-->[org.osmdroid:osmdroid-android:6.1.18] AndroidManifest.xml:12:9-37
50
51    <uses-feature
51-->[org.osmdroid:osmdroid-android:6.1.18] AndroidManifest.xml:14:5-16:36
52        android:name="android.hardware.location.network"
52-->[org.osmdroid:osmdroid-android:6.1.18] AndroidManifest.xml:15:9-57
53        android:required="false" />
53-->[org.osmdroid:osmdroid-android:6.1.18] AndroidManifest.xml:16:9-33
54    <uses-feature
54-->[org.osmdroid:osmdroid-android:6.1.18] AndroidManifest.xml:17:5-19:36
55        android:name="android.hardware.location.gps"
55-->[org.osmdroid:osmdroid-android:6.1.18] AndroidManifest.xml:18:9-53
56        android:required="false" />
56-->[org.osmdroid:osmdroid-android:6.1.18] AndroidManifest.xml:19:9-33
57    <uses-feature
57-->[org.osmdroid:osmdroid-android:6.1.18] AndroidManifest.xml:20:5-22:36
58        android:name="android.hardware.telephony"
58-->[org.osmdroid:osmdroid-android:6.1.18] AndroidManifest.xml:21:9-50
59        android:required="false" />
59-->[org.osmdroid:osmdroid-android:6.1.18] AndroidManifest.xml:22:9-33
60    <uses-feature
60-->[org.osmdroid:osmdroid-android:6.1.18] AndroidManifest.xml:23:5-25:36
61        android:name="android.hardware.wifi"
61-->[org.osmdroid:osmdroid-android:6.1.18] AndroidManifest.xml:24:9-45
62        android:required="false" />
62-->[org.osmdroid:osmdroid-android:6.1.18] AndroidManifest.xml:25:9-33
63
64    <application
64-->src\main\AndroidManifest.xml:15:5-47:19
65        android:allowBackup="true"
65-->src\main\AndroidManifest.xml:16:9-35
66        android:appComponentFactory="androidx.core.app.CoreComponentFactory"
66-->[androidx.core:core:1.13.1] AndroidManifest.xml:28:18-86
67        android:dataExtractionRules="@xml/data_extraction_rules"
67-->src\main\AndroidManifest.xml:17:9-65
68        android:debuggable="true"
69        android:extractNativeLibs="true"
69-->src\main\AndroidManifest.xml:24:9-41
70        android:fullBackupContent="@xml/backup_rules"
70-->src\main\AndroidManifest.xml:18:9-54
71        android:icon="@mipmap/ic_launcher"
71-->src\main\AndroidManifest.xml:19:9-43
72        android:label="@string/app_name"
72-->src\main\AndroidManifest.xml:20:9-41
73        android:roundIcon="@mipmap/ic_launcher_round"
73-->src\main\AndroidManifest.xml:21:9-54
74        android:supportsRtl="true"
74-->src\main\AndroidManifest.xml:22:9-35
75        android:testOnly="true"
76        android:theme="@style/Theme.Memori"
76-->src\main\AndroidManifest.xml:23:9-44
77        android:usesCleartextTraffic="true" >
77-->src\main\AndroidManifest.xml:25:9-44
78        <meta-data
78-->src\main\AndroidManifest.xml:28:9-31:45
79            android:name="com.google.ar.core"
79-->src\main\AndroidManifest.xml:29:13-46
80            android:value="required" />
80-->src\main\AndroidManifest.xml:30:13-37
81        <meta-data
81-->src\main\AndroidManifest.xml:33:9-35:45
82            android:name="com.google.android.geo.API_KEY"
82-->src\main\AndroidManifest.xml:34:13-58
83            android:value="SUA_CHAVE_AQUI" />
83-->src\main\AndroidManifest.xml:35:13-43
84
85        <activity
85-->src\main\AndroidManifest.xml:37:9-46:20
86            android:name="com.memori.app.MainActivity"
86-->src\main\AndroidManifest.xml:38:13-41
87            android:configChanges="orientation|screenSize|smallestScreenSize|screenLayout|uiMode"
87-->src\main\AndroidManifest.xml:40:13-98
88            android:exported="true"
88-->src\main\AndroidManifest.xml:39:13-36
89            android:theme="@style/Theme.Memori" >
89-->src\main\AndroidManifest.xml:41:13-48
90            <intent-filter>
90-->src\main\AndroidManifest.xml:42:13-45:29
91                <action android:name="android.intent.action.MAIN" />
91-->src\main\AndroidManifest.xml:43:17-69
91-->src\main\AndroidManifest.xml:43:25-66
92
93                <category android:name="android.intent.category.LAUNCHER" />
93-->src\main\AndroidManifest.xml:44:17-77
93-->src\main\AndroidManifest.xml:44:27-74
94            </intent-filter>
95        </activity>
96        <!--
97        Service for holding metadata. Cannot be instantiated.
98        Metadata will be merged from other manifests.
99        -->
100        <service
100-->[androidx.camera:camera-core:1.3.3] AndroidManifest.xml:29:9-33:78
101            android:name="androidx.camera.core.impl.MetadataHolderService"
101-->[androidx.camera:camera-core:1.3.3] AndroidManifest.xml:30:13-75
102            android:enabled="false"
102-->[androidx.camera:camera-core:1.3.3] AndroidManifest.xml:31:13-36
103            android:exported="false" >
103-->[androidx.camera:camera-core:1.3.3] AndroidManifest.xml:32:13-37
104            <meta-data
104-->[androidx.camera:camera-camera2:1.3.3] AndroidManifest.xml:30:13-32:89
105                android:name="androidx.camera.core.impl.MetadataHolderService.DEFAULT_CONFIG_PROVIDER"
105-->[androidx.camera:camera-camera2:1.3.3] AndroidManifest.xml:31:17-103
106                android:value="androidx.camera.camera2.Camera2Config$DefaultProvider" />
106-->[androidx.camera:camera-camera2:1.3.3] AndroidManifest.xml:32:17-86
107        </service>
108        <service
108-->[com.google.android.gms:play-services-mlkit-barcode-scanning:18.3.0] AndroidManifest.xml:9:9-15:19
109            android:name="com.google.mlkit.common.internal.MlKitComponentDiscoveryService"
109-->[com.google.android.gms:play-services-mlkit-barcode-scanning:18.3.0] AndroidManifest.xml:10:13-91
110            android:directBootAware="true"
110-->[com.google.mlkit:common:18.9.0] AndroidManifest.xml:17:13-43
111            android:exported="false" >
111-->[com.google.android.gms:play-services-mlkit-barcode-scanning:18.3.0] AndroidManifest.xml:11:13-37
112            <meta-data
112-->[com.google.android.gms:play-services-mlkit-barcode-scanning:18.3.0] AndroidManifest.xml:12:13-14:85
113                android:name="com.google.firebase.components:com.google.mlkit.vision.barcode.internal.BarcodeRegistrar"
113-->[com.google.android.gms:play-services-mlkit-barcode-scanning:18.3.0] AndroidManifest.xml:13:17-120
114                android:value="com.google.firebase.components.ComponentRegistrar" />
114-->[com.google.android.gms:play-services-mlkit-barcode-scanning:18.3.0] AndroidManifest.xml:14:17-82
115            <meta-data
115-->[com.google.mlkit:vision-common:17.3.0] AndroidManifest.xml:12:13-14:85
116                android:name="com.google.firebase.components:com.google.mlkit.vision.common.internal.VisionCommonRegistrar"
116-->[com.google.mlkit:vision-common:17.3.0] AndroidManifest.xml:13:17-124
117                android:value="com.google.firebase.components.ComponentRegistrar" />
117-->[com.google.mlkit:vision-common:17.3.0] AndroidManifest.xml:14:17-82
118            <meta-data
118-->[com.google.mlkit:common:18.9.0] AndroidManifest.xml:20:13-22:85
119                android:name="com.google.firebase.components:com.google.mlkit.common.internal.CommonComponentRegistrar"
119-->[com.google.mlkit:common:18.9.0] AndroidManifest.xml:21:17-120
120                android:value="com.google.firebase.components.ComponentRegistrar" />
120-->[com.google.mlkit:common:18.9.0] AndroidManifest.xml:22:17-82
121        </service>
122
123        <provider
123-->[com.google.mlkit:common:18.9.0] AndroidManifest.xml:9:9-13:38
124            android:name="com.google.mlkit.common.internal.MlKitInitProvider"
124-->[com.google.mlkit:common:18.9.0] AndroidManifest.xml:10:13-78
125            android:authorities="com.memori.app.mlkitinitprovider"
125-->[com.google.mlkit:common:18.9.0] AndroidManifest.xml:11:13-69
126            android:exported="false"
126-->[com.google.mlkit:common:18.9.0] AndroidManifest.xml:12:13-37
127            android:initOrder="99" />
127-->[com.google.mlkit:common:18.9.0] AndroidManifest.xml:13:13-35
128
129        <activity
129-->[com.google.android.gms:play-services-base:18.1.0] AndroidManifest.xml:20:9-22:45
130            android:name="com.google.android.gms.common.api.GoogleApiActivity"
130-->[com.google.android.gms:play-services-base:18.1.0] AndroidManifest.xml:20:19-85
131            android:exported="false"
131-->[com.google.android.gms:play-services-base:18.1.0] AndroidManifest.xml:22:19-43
132            android:theme="@android:style/Theme.Translucent.NoTitleBar" />
132-->[com.google.android.gms:play-services-base:18.1.0] AndroidManifest.xml:21:19-78
133
134        <meta-data
134-->[com.google.android.gms:play-services-basement:18.1.0] AndroidManifest.xml:21:9-23:69
135            android:name="com.google.android.gms.version"
135-->[com.google.android.gms:play-services-basement:18.1.0] AndroidManifest.xml:22:13-58
136            android:value="@integer/google_play_services_version" />
136-->[com.google.android.gms:play-services-basement:18.1.0] AndroidManifest.xml:23:13-66
137
138        <activity
138-->[androidx.compose.ui:ui-test-manifest:1.6.7] AndroidManifest.xml:23:9-25:39
139            android:name="androidx.activity.ComponentActivity"
139-->[androidx.compose.ui:ui-test-manifest:1.6.7] AndroidManifest.xml:24:13-63
140            android:exported="true" />
140-->[androidx.compose.ui:ui-test-manifest:1.6.7] AndroidManifest.xml:25:13-36
141        <activity
141-->[androidx.compose.ui:ui-tooling-android:1.6.7] AndroidManifest.xml:23:9-25:39
142            android:name="androidx.compose.ui.tooling.PreviewActivity"
142-->[androidx.compose.ui:ui-tooling-android:1.6.7] AndroidManifest.xml:24:13-71
143            android:exported="true" />
143-->[androidx.compose.ui:ui-tooling-android:1.6.7] AndroidManifest.xml:25:13-36
144
145        <provider
145-->[androidx.emoji2:emoji2:1.3.0] AndroidManifest.xml:24:9-32:20
146            android:name="androidx.startup.InitializationProvider"
146-->[androidx.emoji2:emoji2:1.3.0] AndroidManifest.xml:25:13-67
147            android:authorities="com.memori.app.androidx-startup"
147-->[androidx.emoji2:emoji2:1.3.0] AndroidManifest.xml:26:13-68
148            android:exported="false" >
148-->[androidx.emoji2:emoji2:1.3.0] AndroidManifest.xml:27:13-37
149            <meta-data
149-->[androidx.emoji2:emoji2:1.3.0] AndroidManifest.xml:29:13-31:52
150                android:name="androidx.emoji2.text.EmojiCompatInitializer"
150-->[androidx.emoji2:emoji2:1.3.0] AndroidManifest.xml:30:17-75
151                android:value="androidx.startup" />
151-->[androidx.emoji2:emoji2:1.3.0] AndroidManifest.xml:31:17-49
152            <meta-data
152-->[androidx.lifecycle:lifecycle-process:2.7.0] AndroidManifest.xml:29:13-31:52
153                android:name="androidx.lifecycle.ProcessLifecycleInitializer"
153-->[androidx.lifecycle:lifecycle-process:2.7.0] AndroidManifest.xml:30:17-78
154                android:value="androidx.startup" />
154-->[androidx.lifecycle:lifecycle-process:2.7.0] AndroidManifest.xml:31:17-49
155            <meta-data
155-->[androidx.profileinstaller:profileinstaller:1.3.1] AndroidManifest.xml:29:13-31:52
156                android:name="androidx.profileinstaller.ProfileInstallerInitializer"
156-->[androidx.profileinstaller:profileinstaller:1.3.1] AndroidManifest.xml:30:17-85
157                android:value="androidx.startup" />
157-->[androidx.profileinstaller:profileinstaller:1.3.1] AndroidManifest.xml:31:17-49
158        </provider> <!-- The minimal version code of ARCore APK required for an app using this SDK. -->
159        <meta-data
159-->[com.google.ar:core:1.42.0] AndroidManifest.xml:32:9-34:41
160            android:name="com.google.ar.core.min_apk_version"
160-->[com.google.ar:core:1.42.0] AndroidManifest.xml:33:13-62
161            android:value="240220000" /> <!-- This activity is critical for installing ARCore when it is not already present. -->
161-->[com.google.ar:core:1.42.0] AndroidManifest.xml:34:13-38
162        <activity
162-->[com.google.ar:core:1.42.0] AndroidManifest.xml:36:9-42:80
163            android:name="com.google.ar.core.InstallActivity"
163-->[com.google.ar:core:1.42.0] AndroidManifest.xml:37:13-62
164            android:configChanges="keyboardHidden|orientation|screenSize"
164-->[com.google.ar:core:1.42.0] AndroidManifest.xml:38:13-74
165            android:excludeFromRecents="true"
165-->[com.google.ar:core:1.42.0] AndroidManifest.xml:39:13-46
166            android:exported="false"
166-->[com.google.ar:core:1.42.0] AndroidManifest.xml:40:13-37
167            android:launchMode="singleTop"
167-->[com.google.ar:core:1.42.0] AndroidManifest.xml:41:13-43
168            android:theme="@android:style/Theme.Material.Light.Dialog.Alert" />
168-->[com.google.ar:core:1.42.0] AndroidManifest.xml:42:13-77
169
170        <service
170-->[com.google.android.datatransport:transport-backend-cct:2.3.3] AndroidManifest.xml:29:9-35:19
171            android:name="com.google.android.datatransport.runtime.backends.TransportBackendDiscovery"
171-->[com.google.android.datatransport:transport-backend-cct:2.3.3] AndroidManifest.xml:30:13-103
172            android:exported="false" >
172-->[com.google.android.datatransport:transport-backend-cct:2.3.3] AndroidManifest.xml:31:13-37
173            <meta-data
173-->[com.google.android.datatransport:transport-backend-cct:2.3.3] AndroidManifest.xml:32:13-34:39
174                android:name="backend:com.google.android.datatransport.cct.CctBackendFactory"
174-->[com.google.android.datatransport:transport-backend-cct:2.3.3] AndroidManifest.xml:33:17-94
175                android:value="cct" />
175-->[com.google.android.datatransport:transport-backend-cct:2.3.3] AndroidManifest.xml:34:17-36
176        </service>
177        <service
177-->[com.google.android.datatransport:transport-runtime:2.2.6] AndroidManifest.xml:26:9-30:19
178            android:name="com.google.android.datatransport.runtime.scheduling.jobscheduling.JobInfoSchedulerService"
178-->[com.google.android.datatransport:transport-runtime:2.2.6] AndroidManifest.xml:27:13-117
179            android:exported="false"
179-->[com.google.android.datatransport:transport-runtime:2.2.6] AndroidManifest.xml:28:13-37
180            android:permission="android.permission.BIND_JOB_SERVICE" >
180-->[com.google.android.datatransport:transport-runtime:2.2.6] AndroidManifest.xml:29:13-69
181        </service>
182
183        <receiver
183-->[com.google.android.datatransport:transport-runtime:2.2.6] AndroidManifest.xml:32:9-34:40
184            android:name="com.google.android.datatransport.runtime.scheduling.jobscheduling.AlarmManagerSchedulerBroadcastReceiver"
184-->[com.google.android.datatransport:transport-runtime:2.2.6] AndroidManifest.xml:33:13-132
185            android:exported="false" />
185-->[com.google.android.datatransport:transport-runtime:2.2.6] AndroidManifest.xml:34:13-37
186        <receiver
186-->[androidx.profileinstaller:profileinstaller:1.3.1] AndroidManifest.xml:34:9-52:20
187            android:name="androidx.profileinstaller.ProfileInstallReceiver"
187-->[androidx.profileinstaller:profileinstaller:1.3.1] AndroidManifest.xml:35:13-76
188            android:directBootAware="false"
188-->[androidx.profileinstaller:profileinstaller:1.3.1] AndroidManifest.xml:36:13-44
189            android:enabled="true"
189-->[androidx.profileinstaller:profileinstaller:1.3.1] AndroidManifest.xml:37:13-35
190            android:exported="true"
190-->[androidx.profileinstaller:profileinstaller:1.3.1] AndroidManifest.xml:38:13-36
191            android:permission="android.permission.DUMP" >
191-->[androidx.profileinstaller:profileinstaller:1.3.1] AndroidManifest.xml:39:13-57
192            <intent-filter>
192-->[androidx.profileinstaller:profileinstaller:1.3.1] AndroidManifest.xml:40:13-42:29
193                <action android:name="androidx.profileinstaller.action.INSTALL_PROFILE" />
193-->[androidx.profileinstaller:profileinstaller:1.3.1] AndroidManifest.xml:41:17-91
193-->[androidx.profileinstaller:profileinstaller:1.3.1] AndroidManifest.xml:41:25-88
194            </intent-filter>
195            <intent-filter>
195-->[androidx.profileinstaller:profileinstaller:1.3.1] AndroidManifest.xml:43:13-45:29
196                <action android:name="androidx.profileinstaller.action.SKIP_FILE" />
196-->[androidx.profileinstaller:profileinstaller:1.3.1] AndroidManifest.xml:44:17-85
196-->[androidx.profileinstaller:profileinstaller:1.3.1] AndroidManifest.xml:44:25-82
197            </intent-filter>
198            <intent-filter>
198-->[androidx.profileinstaller:profileinstaller:1.3.1] AndroidManifest.xml:46:13-48:29
199                <action android:name="androidx.profileinstaller.action.SAVE_PROFILE" />
199-->[androidx.profileinstaller:profileinstaller:1.3.1] AndroidManifest.xml:47:17-88
199-->[androidx.profileinstaller:profileinstaller:1.3.1] AndroidManifest.xml:47:25-85
200            </intent-filter>
201            <intent-filter>
201-->[androidx.profileinstaller:profileinstaller:1.3.1] AndroidManifest.xml:49:13-51:29
202                <action android:name="androidx.profileinstaller.action.BENCHMARK_OPERATION" />
202-->[androidx.profileinstaller:profileinstaller:1.3.1] AndroidManifest.xml:50:17-95
202-->[androidx.profileinstaller:profileinstaller:1.3.1] AndroidManifest.xml:50:25-92
203            </intent-filter>
204        </receiver>
205    </application>
206
207</manifest>